<?xml version="1.0" encoding="UTF-8"?>
<!-- Generated by org.testng.reporters.JUnitXMLReporter -->
<testsuite ignored="0" hostname="WIN-8RVP5DORD1I" failures="0" tests="5" name="Default test" time="7.983" errors="0" timestamp="2022-05-17T11:12:21 IST">
  <testcase classname="TestCases" name="UserPostOps" time="2.955"/>
  <testcase classname="TestCases" name="UserGetOps" time="1.273"/>
  <testcase classname="TestCases" name="UserPUTOps" time="1.234"/>
  <testcase classname="TestCases" name="UserDeleteOps" time="1.259"/>
  <testcase classname="TestCases" name="UserNegativeOps" time="1.227"/>
</testsuite> <!-- Default test -->
